<?xml version="1.0" encoding="UTF-8"?>
<testsuite name="UseBicycleTest" tests="1" skipped="0" failures="0" errors="0" timestamp="2021-09-13T11:38:58" hostname="DESKTOP-7A78U1D" time="0.073">
  <properties/>
  <testcase name="바이클_사용()" classname="UseBicycleTest" time="0.073"/>
  <system-out><![CDATA[]]></system-out>
  <system-err><![CDATA[]]></system-err>
</testsuite>
